[28-Aug-2022 15:06:45 UTC] PHP Notice:  Trying to get property 'title' of non-object in /Users/macuser/Local Sites/charbel/app/public/wp-includes/class-wp-customize-nav-menus.php on line 523
[28-Aug-2022 15:06:45 UTC] PHP Stack trace:
[28-Aug-2022 15:06:45 UTC] PHP   1. {main}() /Users/macuser/Local Sites/charbel/app/public/wp-admin/customize.php:0
[28-Aug-2022 15:06:45 UTC] PHP   2. do_action() /Users/macuser/Local Sites/charbel/app/public/wp-admin/customize.php:123
[28-Aug-2022 15:06:45 UTC] PHP   3. WP_Hook->do_action() /Users/macuser/Local Sites/charbel/app/public/wp-includes/plugin.php:476
[28-Aug-2022 15:06:45 UTC] PHP   4. WP_Hook->apply_filters() /Users/macuser/Local Sites/charbel/app/public/wp-includes/class-wp-hook.php:331
[28-Aug-2022 15:06:45 UTC] PHP   5. WP_Customize_Nav_Menus->enqueue_scripts() /Users/macuser/Local Sites/charbel/app/public/wp-includes/class-wp-hook.php:307
[28-Aug-2022 15:06:45 UTC] PHP Notice:  Trying to get property 'title' of non-object in /Users/macuser/Local Sites/charbel/app/public/wp-includes/class-wp-customize-widgets.php on line 899
[28-Aug-2022 15:06:45 UTC] PHP Stack trace:
[28-Aug-2022 15:06:45 UTC] PHP   1. {main}() /Users/macuser/Local Sites/charbel/app/public/wp-admin/customize.php:0
[28-Aug-2022 15:06:45 UTC] PHP   2. do_action() /Users/macuser/Local Sites/charbel/app/public/wp-admin/customize.php:292
[28-Aug-2022 15:06:45 UTC] PHP   3. WP_Hook->do_action() /Users/macuser/Local Sites/charbel/app/public/wp-includes/plugin.php:476
[28-Aug-2022 15:06:45 UTC] PHP   4. WP_Hook->apply_filters() /Users/macuser/Local Sites/charbel/app/public/wp-includes/class-wp-hook.php:331
[28-Aug-2022 15:06:45 UTC] PHP   5. WP_Customize_Widgets->output_widget_control_templates() /Users/macuser/Local Sites/charbel/app/public/wp-includes/class-wp-hook.php:307
[28-Aug-2022 15:06:45 UTC] PHP Notice:  Trying to get property 'title' of non-object in /Users/macuser/Local Sites/charbel/app/public/wp-includes/class-wp-customize-nav-menus.php on line 1152
[28-Aug-2022 15:06:45 UTC] PHP Stack trace:
[28-Aug-2022 15:06:45 UTC] PHP   1. {main}() /Users/macuser/Local Sites/charbel/app/public/wp-admin/customize.php:0
[28-Aug-2022 15:06:45 UTC] PHP   2. do_action() /Users/macuser/Local Sites/charbel/app/public/wp-admin/customize.php:292
[28-Aug-2022 15:06:45 UTC] PHP   3. WP_Hook->do_action() /Users/macuser/Local Sites/charbel/app/public/wp-includes/plugin.php:476
[28-Aug-2022 15:06:45 UTC] PHP   4. WP_Hook->apply_filters() /Users/macuser/Local Sites/charbel/app/public/wp-includes/class-wp-hook.php:331
[28-Aug-2022 15:06:45 UTC] PHP   5. WP_Customize_Nav_Menus->available_items_template() /Users/macuser/Local Sites/charbel/app/public/wp-includes/class-wp-hook.php:307
[28-Aug-2022 15:10:06 UTC] PHP Notice:  Trying to get property 'title' of non-object in /Users/macuser/Local Sites/charbel/app/public/wp-includes/class-wp-customize-nav-menus.php on line 523
[28-Aug-2022 15:10:06 UTC] PHP Stack trace:
[28-Aug-2022 15:10:06 UTC] PHP   1. {main}() /Users/macuser/Local Sites/charbel/app/public/wp-admin/customize.php:0
[28-Aug-2022 15:10:06 UTC] PHP   2. do_action() /Users/macuser/Local Sites/charbel/app/public/wp-admin/customize.php:123
[28-Aug-2022 15:10:06 UTC] PHP   3. WP_Hook->do_action() /Users/macuser/Local Sites/charbel/app/public/wp-includes/plugin.php:476
[28-Aug-2022 15:10:06 UTC] PHP   4. WP_Hook->apply_filters() /Users/macuser/Local Sites/charbel/app/public/wp-includes/class-wp-hook.php:331
[28-Aug-2022 15:10:06 UTC] PHP   5. WP_Customize_Nav_Menus->enqueue_scripts() /Users/macuser/Local Sites/charbel/app/public/wp-includes/class-wp-hook.php:307
[28-Aug-2022 15:10:06 UTC] PHP Notice:  Trying to get property 'title' of non-object in /Users/macuser/Local Sites/charbel/app/public/wp-includes/class-wp-customize-widgets.php on line 899
[28-Aug-2022 15:10:06 UTC] PHP Stack trace:
[28-Aug-2022 15:10:06 UTC] PHP   1. {main}() /Users/macuser/Local Sites/charbel/app/public/wp-admin/customize.php:0
[28-Aug-2022 15:10:06 UTC] PHP   2. do_action() /Users/macuser/Local Sites/charbel/app/public/wp-admin/customize.php:292
[28-Aug-2022 15:10:06 UTC] PHP   3. WP_Hook->do_action() /Users/macuser/Local Sites/charbel/app/public/wp-includes/plugin.php:476
[28-Aug-2022 15:10:06 UTC] PHP   4. WP_Hook->apply_filters() /Users/macuser/Local Sites/charbel/app/public/wp-includes/class-wp-hook.php:331
[28-Aug-2022 15:10:06 UTC] PHP   5. WP_Customize_Widgets->output_widget_control_templates() /Users/macuser/Local Sites/charbel/app/public/wp-includes/class-wp-hook.php:307
[28-Aug-2022 15:10:06 UTC] PHP Notice:  Trying to get property 'title' of non-object in /Users/macuser/Local Sites/charbel/app/public/wp-includes/class-wp-customize-nav-menus.php on line 1152
[28-Aug-2022 15:10:06 UTC] PHP Stack trace:
[28-Aug-2022 15:10:06 UTC] PHP   1. {main}() /Users/macuser/Local Sites/charbel/app/public/wp-admin/customize.php:0
[28-Aug-2022 15:10:06 UTC] PHP   2. do_action() /Users/macuser/Local Sites/charbel/app/public/wp-admin/customize.php:292
[28-Aug-2022 15:10:06 UTC] PHP   3. WP_Hook->do_action() /Users/macuser/Local Sites/charbel/app/public/wp-includes/plugin.php:476
[28-Aug-2022 15:10:06 UTC] PHP   4. WP_Hook->apply_filters() /Users/macuser/Local Sites/charbel/app/public/wp-includes/class-wp-hook.php:331
[28-Aug-2022 15:10:06 UTC] PHP   5. WP_Customize_Nav_Menus->available_items_template() /Users/macuser/Local Sites/charbel/app/public/wp-includes/class-wp-hook.php:307
[28-Aug-2022 16:27:14 UTC] PHP Notice:  Error when decoding a JSON file at path /Users/macuser/Local Sites/charbel/app/public/wp-content/themes/learning/theme.json: Syntax error in /Users/macuser/Local Sites/charbel/app/public/wp-includes/functions.php on line 4548
[28-Aug-2022 16:27:14 UTC] PHP Stack trace:
[28-Aug-2022 16:27:14 UTC] PHP   1. {main}() /Users/macuser/Local Sites/charbel/app/public/wp-admin/admin-ajax.php:0
[28-Aug-2022 16:27:14 UTC] PHP   2. require_once() /Users/macuser/Local Sites/charbel/app/public/wp-admin/admin-ajax.php:22
[28-Aug-2022 16:27:14 UTC] PHP   3. require_once() /Users/macuser/Local Sites/charbel/app/public/wp-load.php:50
[28-Aug-2022 16:27:14 UTC] PHP   4. require_once() /Users/macuser/Local Sites/charbel/app/public/wp-config.php:91
[28-Aug-2022 16:27:14 UTC] PHP   5. do_action() /Users/macuser/Local Sites/charbel/app/public/wp-settings.php:620
[28-Aug-2022 16:27:14 UTC] PHP   6. WP_Hook->do_action() /Users/macuser/Local Sites/charbel/app/public/wp-includes/plugin.php:476
[28-Aug-2022 16:27:14 UTC] PHP   7. WP_Hook->apply_filters() /Users/macuser/Local Sites/charbel/app/public/wp-includes/class-wp-hook.php:331
[28-Aug-2022 16:27:14 UTC] PHP   8. {closure:/Users/macuser/Local Sites/charbel/app/public/wp-includes/script-loader.php:3269-3290}() /Users/macuser/Local Sites/charbel/app/public/wp-includes/class-wp-hook.php:307
[28-Aug-2022 16:27:14 UTC] PHP   9. {closure:/Users/macuser/Local Sites/charbel/app/public/wp-includes/script-loader.php:3074-3130}() /Users/macuser/Local Sites/charbel/app/public/wp-includes/script-loader.php:3272
[28-Aug-2022 16:27:14 UTC] PHP  10. WP_Theme_JSON_Resolver::get_merged_data() /Users/macuser/Local Sites/charbel/app/public/wp-includes/script-loader.php:3076
[28-Aug-2022 16:27:14 UTC] PHP  11. WP_Theme_JSON_Resolver::get_theme_data() /Users/macuser/Local Sites/charbel/app/public/wp-includes/class-wp-theme-json-resolver.php:384
[28-Aug-2022 16:27:14 UTC] PHP  12. WP_Theme_JSON_Resolver::read_json_file() /Users/macuser/Local Sites/charbel/app/public/wp-includes/class-wp-theme-json-resolver.php:172
[28-Aug-2022 16:27:14 UTC] PHP  13. wp_json_file_decode() /Users/macuser/Local Sites/charbel/app/public/wp-includes/class-wp-theme-json-resolver.php:84
[28-Aug-2022 16:27:14 UTC] PHP  14. trigger_error() /Users/macuser/Local Sites/charbel/app/public/wp-includes/functions.php:4548
[28-Aug-2022 16:27:43 UTC] PHP Notice:  Error when decoding a JSON file at path /Users/macuser/Local Sites/charbel/app/public/wp-content/themes/learning/theme.json: Syntax error in /Users/macuser/Local Sites/charbel/app/public/wp-includes/functions.php on line 4548
[28-Aug-2022 16:27:43 UTC] PHP Stack trace:
[28-Aug-2022 16:27:43 UTC] PHP   1. {main}() /Users/macuser/Local Sites/charbel/app/public/wp-admin/admin-ajax.php:0
[28-Aug-2022 16:27:43 UTC] PHP   2. require_once() /Users/macuser/Local Sites/charbel/app/public/wp-admin/admin-ajax.php:22
[28-Aug-2022 16:27:43 UTC] PHP   3. require_once() /Users/macuser/Local Sites/charbel/app/public/wp-load.php:50
[28-Aug-2022 16:27:43 UTC] PHP   4. require_once() /Users/macuser/Local Sites/charbel/app/public/wp-config.php:91
[28-Aug-2022 16:27:43 UTC] PHP   5. do_action() /Users/macuser/Local Sites/charbel/app/public/wp-settings.php:620
[28-Aug-2022 16:27:43 UTC] PHP   6. WP_Hook->do_action() /Users/macuser/Local Sites/charbel/app/public/wp-includes/plugin.php:476
[28-Aug-2022 16:27:43 UTC] PHP   7. WP_Hook->apply_filters() /Users/macuser/Local Sites/charbel/app/public/wp-includes/class-wp-hook.php:331
[28-Aug-2022 16:27:43 UTC] PHP   8. {closure:/Users/macuser/Local Sites/charbel/app/public/wp-includes/script-loader.php:3269-3290}() /Users/macuser/Local Sites/charbel/app/public/wp-includes/class-wp-hook.php:307
[28-Aug-2022 16:27:43 UTC] PHP   9. {closure:/Users/macuser/Local Sites/charbel/app/public/wp-includes/script-loader.php:3074-3130}() /Users/macuser/Local Sites/charbel/app/public/wp-includes/script-loader.php:3272
[28-Aug-2022 16:27:43 UTC] PHP  10. WP_Theme_JSON_Resolver::get_merged_data() /Users/macuser/Local Sites/charbel/app/public/wp-includes/script-loader.php:3076
[28-Aug-2022 16:27:43 UTC] PHP  11. WP_Theme_JSON_Resolver::get_theme_data() /Users/macuser/Local Sites/charbel/app/public/wp-includes/class-wp-theme-json-resolver.php:384
[28-Aug-2022 16:27:43 UTC] PHP  12. WP_Theme_JSON_Resolver::read_json_file() /Users/macuser/Local Sites/charbel/app/public/wp-includes/class-wp-theme-json-resolver.php:172
[28-Aug-2022 16:27:43 UTC] PHP  13. wp_json_file_decode() /Users/macuser/Local Sites/charbel/app/public/wp-includes/class-wp-theme-json-resolver.php:84
[28-Aug-2022 16:27:43 UTC] PHP  14. trigger_error() /Users/macuser/Local Sites/charbel/app/public/wp-includes/functions.php:4548
[28-Aug-2022 16:29:44 UTC] PHP Notice:  Error when decoding a JSON file at path /Users/macuser/Local Sites/charbel/app/public/wp-content/themes/learning/theme.json: Syntax error in /Users/macuser/Local Sites/charbel/app/public/wp-includes/functions.php on line 4548
[28-Aug-2022 16:29:44 UTC] PHP Stack trace:
[28-Aug-2022 16:29:44 UTC] PHP   1. {main}() /Users/macuser/Local Sites/charbel/app/public/wp-admin/admin-ajax.php:0
[28-Aug-2022 16:29:44 UTC] PHP   2. require_once() /Users/macuser/Local Sites/charbel/app/public/wp-admin/admin-ajax.php:22
[28-Aug-2022 16:29:44 UTC] PHP   3. require_once() /Users/macuser/Local Sites/charbel/app/public/wp-load.php:50
[28-Aug-2022 16:29:44 UTC] PHP   4. require_once() /Users/macuser/Local Sites/charbel/app/public/wp-config.php:91
[28-Aug-2022 16:29:44 UTC] PHP   5. do_action() /Users/macuser/Local Sites/charbel/app/public/wp-settings.php:620
[28-Aug-2022 16:29:44 UTC] PHP   6. WP_Hook->do_action() /Users/macuser/Local Sites/charbel/app/public/wp-includes/plugin.php:476
[28-Aug-2022 16:29:44 UTC] PHP   7. WP_Hook->apply_filters() /Users/macuser/Local Sites/charbel/app/public/wp-includes/class-wp-hook.php:331
[28-Aug-2022 16:29:44 UTC] PHP   8. {closure:/Users/macuser/Local Sites/charbel/app/public/wp-includes/script-loader.php:3269-3290}() /Users/macuser/Local Sites/charbel/app/public/wp-includes/class-wp-hook.php:307
[28-Aug-2022 16:29:44 UTC] PHP   9. {closure:/Users/macuser/Local Sites/charbel/app/public/wp-includes/script-loader.php:3074-3130}() /Users/macuser/Local Sites/charbel/app/public/wp-includes/script-loader.php:3272
[28-Aug-2022 16:29:44 UTC] PHP  10. WP_Theme_JSON_Resolver::get_merged_data() /Users/macuser/Local Sites/charbel/app/public/wp-includes/script-loader.php:3076
[28-Aug-2022 16:29:44 UTC] PHP  11. WP_Theme_JSON_Resolver::get_theme_data() /Users/macuser/Local Sites/charbel/app/public/wp-includes/class-wp-theme-json-resolver.php:384
[28-Aug-2022 16:29:44 UTC] PHP  12. WP_Theme_JSON_Resolver::read_json_file() /Users/macuser/Local Sites/charbel/app/public/wp-includes/class-wp-theme-json-resolver.php:172
[28-Aug-2022 16:29:44 UTC] PHP  13. wp_json_file_decode() /Users/macuser/Local Sites/charbel/app/public/wp-includes/class-wp-theme-json-resolver.php:84
[28-Aug-2022 16:29:44 UTC] PHP  14. trigger_error() /Users/macuser/Local Sites/charbel/app/public/wp-includes/functions.php:4548
[28-Aug-2022 16:30:44 UTC] PHP Notice:  Error when decoding a JSON file at path /Users/macuser/Local Sites/charbel/app/public/wp-content/themes/learning/theme.json: Syntax error in /Users/macuser/Local Sites/charbel/app/public/wp-includes/functions.php on line 4548
[28-Aug-2022 16:30:44 UTC] PHP Stack trace:
[28-Aug-2022 16:30:44 UTC] PHP   1. {main}() /Users/macuser/Local Sites/charbel/app/public/wp-admin/admin-ajax.php:0
[28-Aug-2022 16:30:44 UTC] PHP   2. require_once() /Users/macuser/Local Sites/charbel/app/public/wp-admin/admin-ajax.php:22
[28-Aug-2022 16:30:44 UTC] PHP   3. require_once() /Users/macuser/Local Sites/charbel/app/public/wp-load.php:50
[28-Aug-2022 16:30:44 UTC] PHP   4. require_once() /Users/macuser/Local Sites/charbel/app/public/wp-config.php:91
[28-Aug-2022 16:30:44 UTC] PHP   5. do_action() /Users/macuser/Local Sites/charbel/app/public/wp-settings.php:620
[28-Aug-2022 16:30:44 UTC] PHP   6. WP_Hook->do_action() /Users/macuser/Local Sites/charbel/app/public/wp-includes/plugin.php:476
[28-Aug-2022 16:30:44 UTC] PHP   7. WP_Hook->apply_filters() /Users/macuser/Local Sites/charbel/app/public/wp-includes/class-wp-hook.php:331
[28-Aug-2022 16:30:44 UTC] PHP   8. {closure:/Users/macuser/Local Sites/charbel/app/public/wp-includes/script-loader.php:3269-3290}() /Users/macuser/Local Sites/charbel/app/public/wp-includes/class-wp-hook.php:307
[28-Aug-2022 16:30:44 UTC] PHP   9. {closure:/Users/macuser/Local Sites/charbel/app/public/wp-includes/script-loader.php:3074-3130}() /Users/macuser/Local Sites/charbel/app/public/wp-includes/script-loader.php:3272
[28-Aug-2022 16:30:44 UTC] PHP  10. WP_Theme_JSON_Resolver::get_merged_data() /Users/macuser/Local Sites/charbel/app/public/wp-includes/script-loader.php:3076
[28-Aug-2022 16:30:44 UTC] PHP  11. WP_Theme_JSON_Resolver::get_theme_data() /Users/macuser/Local Sites/charbel/app/public/wp-includes/class-wp-theme-json-resolver.php:384
[28-Aug-2022 16:30:44 UTC] PHP  12. WP_Theme_JSON_Resolver::read_json_file() /Users/macuser/Local Sites/charbel/app/public/wp-includes/class-wp-theme-json-resolver.php:172
[28-Aug-2022 16:30:44 UTC] PHP  13. wp_json_file_decode() /Users/macuser/Local Sites/charbel/app/public/wp-includes/class-wp-theme-json-resolver.php:84
[28-Aug-2022 16:30:44 UTC] PHP  14. trigger_error() /Users/macuser/Local Sites/charbel/app/public/wp-includes/functions.php:4548
[28-Aug-2022 18:44:24 UTC] PHP Parse error:  syntax error, unexpected 'public' (T_PUBLIC), expecting end of file in /Users/macuser/Local Sites/charbel/app/public/wp-content/themes/learning/includes/front/enqueue.php on line 3
[28-Aug-2022 18:44:26 UTC] PHP Parse error:  syntax error, unexpected 'public' (T_PUBLIC), expecting end of file in /Users/macuser/Local Sites/charbel/app/public/wp-content/themes/learning/includes/front/enqueue.php on line 3
